Analysis & Synthesis report for Buffer_top
Mon Sep 15 23:27:05 2025
Quartus Prime Version 20.1.0 Build 711 06/05/2020 SJ Lite Edition


---------------------
; Table of Contents ;
---------------------
  1. Legal Notice
  2. Analysis & Synthesis Summary
  3. Analysis & Synthesis Settings
  4. Parallel Compilation
  5. Analysis & Synthesis Source Files Read
  6. Analysis & Synthesis Resource Usage Summary
  7. Analysis & Synthesis Resource Utilization by Entity
  8. Analysis & Synthesis RAM Summary
  9. State Machine - |Buffer_top|uart_rx:rx_inst|state
 10. State Machine - |Buffer_top|uart_tx:tx_inst|state
 11. User-Specified and Inferred Latches
 12. Registers Removed During Synthesis
 13. General Register Statistics
 14. Inverted Register Statistics
 15. Registers Added for RAM Pass-Through Logic
 16. Multiplexer Restructuring Statistics (Restructuring Performed)
 17. Source assignments for fifo_tx:tx_fifo_inst|altsyncram:mem_rtl_0|altsyncram_6tm1:auto_generated
 18. Parameter Settings for User Entity Instance: fifo_tx:tx_fifo_inst
 19. Parameter Settings for Inferred Entity Instance: fifo_tx:tx_fifo_inst|altsyncram:mem_rtl_0
 20. altsyncram Parameter Settings by Entity Instance
 21. Post-Synthesis Netlist Statistics for Top Partition
 22. Elapsed Time Per Partition
 23. Analysis & Synthesis Messages
 24. Analysis & Synthesis Suppressed Messages



----------------
; Legal Notice ;
----------------
Copyright (C) 2020  Intel Corporation. All rights reserved.
Your use of Intel Corporation's design tools, logic functions 
and other software and tools, and any partner logic 
functions, and any output files from any of the foregoing 
(including device programming or simulation files), and any 
associated documentation or information are expressly subject 
to the terms and conditions of the Intel Program License 
Subscription Agreement, the Intel Quartus Prime License Agreement,
the Intel FPGA IP License Agreement, or other applicable license
agreement, including, without limitation, that your use is for
the sole purpose of programming logic devices manufactured by
Intel and sold by Intel or its authorized distributors.  Please
refer to the applicable agreement for further details, at
https://fpgasoftware.intel.com/eula.



+-------------------------------------------------------------------------------+
; Analysis & Synthesis Summary                                                  ;
+---------------------------------+---------------------------------------------+
; Analysis & Synthesis Status     ; Successful - Mon Sep 15 23:27:05 2025       ;
; Quartus Prime Version           ; 20.1.0 Build 711 06/05/2020 SJ Lite Edition ;
; Revision Name                   ; Buffer_top                                  ;
; Top-level Entity Name           ; Buffer_top                                  ;
; Family                          ; Cyclone V                                   ;
; Logic utilization (in ALMs)     ; N/A                                         ;
; Total registers                 ; 87                                          ;
; Total pins                      ; 38                                          ;
; Total virtual pins              ; 0                                           ;
; Total block memory bits         ; 64                                          ;
; Total DSP Blocks                ; 0                                           ;
; Total HSSI RX PCSs              ; 0                                           ;
; Total HSSI PMA RX Deserializers ; 0                                           ;
; Total HSSI TX PCSs              ; 0                                           ;
; Total HSSI PMA TX Serializers   ; 0                                           ;
; Total PLLs                      ; 0                                           ;
; Total DLLs                      ; 0                                           ;
+---------------------------------+---------------------------------------------+


+---------------------------------------------------------------------------------------------------------------------------+
; Analysis & Synthesis Settings                                                                                             ;
+---------------------------------------------------------------------------------+--------------------+--------------------+
; Option                                                                          ; Setting            ; Default Value      ;
+---------------------------------------------------------------------------------+--------------------+--------------------+
; Device                                                                          ; 5CGXFC7C7F23C8     ;                    ;
; Top-level entity name                                                           ; Buffer_top         ; Buffer_top         ;
; Family name                                                                     ; Cyclone V          ; Cyclone V          ;
; Use smart compilation                                                           ; Off                ; Off                ;
; Enable parallel Assembler and Timing Analyzer during compilation                ; On                 ; On                 ;
; Enable compact report table                                                     ; Off                ; Off                ;
; Restructure Multiplexers                                                        ; Auto               ; Auto               ;
; MLAB Add Timing Constraints For Mixed-Port Feed-Through Mode Setting Don't Care ; Off                ; Off                ;
; Create Debugging Nodes for IP Cores                                             ; Off                ; Off                ;
; Preserve fewer node names                                                       ; On                 ; On                 ;
; Intel FPGA IP Evaluation Mode                                                   ; Enable             ; Enable             ;
; Verilog Version                                                                 ; Verilog_2001       ; Verilog_2001       ;
; VHDL Version                                                                    ; VHDL_1993          ; VHDL_1993          ;
; State Machine Processing                                                        ; Auto               ; Auto               ;
; Safe State Machine                                                              ; Off                ; Off                ;
; Extract Verilog State Machines                                                  ; On                 ; On                 ;
; Extract VHDL State Machines                                                     ; On                 ; On                 ;
; Ignore Verilog initial constructs                                               ; Off                ; Off                ;
; Iteration limit for constant Verilog loops                                      ; 5000               ; 5000               ;
; Iteration limit for non-constant Verilog loops                                  ; 250                ; 250                ;
; Add Pass-Through Logic to Inferred RAMs                                         ; On                 ; On                 ;
; Infer RAMs from Raw Logic                                                       ; On                 ; On                 ;
; Parallel Synthesis                                                              ; On                 ; On                 ;
; DSP Block Balancing                                                             ; Auto               ; Auto               ;
; NOT Gate Push-Back                                                              ; On                 ; On                 ;
; Power-Up Don't Care                                                             ; On                 ; On                 ;
; Remove Redundant Logic Cells                                                    ; Off                ; Off                ;
; Remove Duplicate Registers                                                      ; On                 ; On                 ;
; Ignore CARRY Buffers                                                            ; Off                ; Off                ;
; Ignore CASCADE Buffers                                                          ; Off                ; Off                ;
; Ignore GLOBAL Buffers                                                           ; Off                ; Off                ;
; Ignore ROW GLOBAL Buffers                                                       ; Off                ; Off                ;
; Ignore LCELL Buffers                                                            ; Off                ; Off                ;
; Ignore SOFT Buffers                                                             ; On                 ; On                 ;
; Limit AHDL Integers to 32 Bits                                                  ; Off                ; Off                ;
; Optimization Technique                                                          ; Balanced           ; Balanced           ;
; Carry Chain Length                                                              ; 70                 ; 70                 ;
; Auto Carry Chains                                                               ; On                 ; On                 ;
; Auto Open-Drain Pins                                                            ; On                 ; On                 ;
; Perform WYSIWYG Primitive Resynthesis                                           ; Off                ; Off                ;
; Auto ROM Replacement                                                            ; On                 ; On                 ;
; Auto RAM Replacement                                                            ; On                 ; On                 ;
; Auto DSP Block Replacement                                                      ; On                 ; On                 ;
; Auto Shift Register Replacement                                                 ; Auto               ; Auto               ;
; Allow Shift Register Merging across Hierarchies                                 ; Auto               ; Auto               ;
; Auto Clock Enable Replacement                                                   ; On                 ; On                 ;
; Strict RAM Replacement                                                          ; Off                ; Off                ;
; Allow Synchronous Control Signals                                               ; On                 ; On                 ;
; Force Use of Synchronous Clear Signals                                          ; Off                ; Off                ;
; Auto Resource Sharing                                                           ; Off                ; Off                ;
; Allow Any RAM Size For Recognition                                              ; Off                ; Off                ;
; Allow Any ROM Size For Recognition                                              ; Off                ; Off                ;
; Allow Any Shift Register Size For Recognition                                   ; Off                ; Off                ;
; Use LogicLock Constraints during Resource Balancing                             ; On                 ; On                 ;
; Ignore translate_off and synthesis_off directives                               ; Off                ; Off                ;
; Timing-Driven Synthesis                                                         ; On                 ; On                 ;
; Report Parameter Settings                                                       ; On                 ; On                 ;
; Report Source Assignments                                                       ; On                 ; On                 ;
; Report Connectivity Checks                                                      ; On                 ; On                 ;
; Ignore Maximum Fan-Out Assignments                                              ; Off                ; Off                ;
; Synchronization Register Chain Length                                           ; 3                  ; 3                  ;
; Power Optimization During Synthesis                                             ; Normal compilation ; Normal compilation ;
; HDL message level                                                               ; Level2             ; Level2             ;
; Suppress Register Optimization Related Messages                                 ; Off                ; Off                ;
; Number of Removed Registers Reported in Synthesis Report                        ; 5000               ; 5000               ;
; Number of Swept Nodes Reported in Synthesis Report                              ; 5000               ; 5000               ;
; Number of Inverted Registers Reported in Synthesis Report                       ; 100                ; 100                ;
; Clock MUX Protection                                                            ; On                 ; On                 ;
; Auto Gated Clock Conversion                                                     ; Off                ; Off                ;
; Block Design Naming                                                             ; Auto               ; Auto               ;
; SDC constraint protection                                                       ; Off                ; Off                ;
; Synthesis Effort                                                                ; Auto               ; Auto               ;
; Shift Register Replacement - Allow Asynchronous Clear Signal                    ; On                 ; On                 ;
; Pre-Mapping Resynthesis Optimization                                            ; Off                ; Off                ;
; Analysis & Synthesis Message Level                                              ; Medium             ; Medium             ;
; Disable Register Merging Across Hierarchies                                     ; Auto               ; Auto               ;
; Resource Aware Inference For Block RAM                                          ; On                 ; On                 ;
; Automatic Parallel Synthesis                                                    ; On                 ; On                 ;
; Partial Reconfiguration Bitstream ID                                            ; Off                ; Off                ;
+---------------------------------------------------------------------------------+--------------------+--------------------+


+------------------------------------------+
; Parallel Compilation                     ;
+----------------------------+-------------+
; Processors                 ; Number      ;
+----------------------------+-------------+
; Number detected on machine ; 12          ;
; Maximum allowed            ; 12          ;
;                            ;             ;
; Average used               ; 1.00        ;
; Maximum used               ; 12          ;
;                            ;             ;
; Usage by Processor         ; % Time Used ;
;     Processor 1            ; 100.0%      ;
;     Processor 2            ;   0.0%      ;
;     Processors 3-12        ;   0.0%      ;
+----------------------------+-------------+


+---------------------------------------------------------------------------------------------------------------------------------------------------------------------------------------+
; Analysis & Synthesis Source Files Read                                                                                                                                                ;
+----------------------------------+-----------------+------------------------------+-----------------------------------------------------------------------------------------+---------+
; File Name with User-Entered Path ; Used in Netlist ; File Type                    ; File Name with Absolute Path                                                            ; Library ;
+----------------------------------+-----------------+------------------------------+-----------------------------------------------------------------------------------------+---------+
; code/fifo_tx.v                   ; yes             ; User Verilog HDL File        ; /home/maruthi/intelFPGA_lite/20.1/quartus/UART_buffer/code/fifo_tx.v                    ;         ;
; code/Buffer_top.v                ; yes             ; User Verilog HDL File        ; /home/maruthi/intelFPGA_lite/20.1/quartus/UART_buffer/code/Buffer_top.v                 ;         ;
; code/UART_RX.v                   ; yes             ; User Verilog HDL File        ; /home/maruthi/intelFPGA_lite/20.1/quartus/UART_buffer/code/UART_RX.v                    ;         ;
; code/UART_TX.v                   ; yes             ; User Verilog HDL File        ; /home/maruthi/intelFPGA_lite/20.1/quartus/UART_buffer/code/UART_TX.v                    ;         ;
; altsyncram.tdf                   ; yes             ; Megafunction                 ; /home/maruthi/intelFPGA_lite/20.1/quartus/libraries/megafunctions/altsyncram.tdf        ;         ;
; stratix_ram_block.inc            ; yes             ; Megafunction                 ; /home/maruthi/intelFPGA_lite/20.1/quartus/libraries/megafunctions/stratix_ram_block.inc ;         ;
; lpm_mux.inc                      ; yes             ; Megafunction                 ; /home/maruthi/intelFPGA_lite/20.1/quartus/libraries/megafunctions/lpm_mux.inc           ;         ;
; lpm_decode.inc                   ; yes             ; Megafunction                 ; /home/maruthi/intelFPGA_lite/20.1/quartus/libraries/megafunctions/lpm_decode.inc        ;         ;
; aglobal201.inc                   ; yes             ; Megafunction                 ; /home/maruthi/intelFPGA_lite/20.1/quartus/libraries/megafunctions/aglobal201.inc        ;         ;
; a_rdenreg.inc                    ; yes             ; Megafunction                 ; /home/maruthi/intelFPGA_lite/20.1/quartus/libraries/megafunctions/a_rdenreg.inc         ;         ;
; altrom.inc                       ; yes             ; Megafunction                 ; /home/maruthi/intelFPGA_lite/20.1/quartus/libraries/megafunctions/altrom.inc            ;         ;
; altram.inc                       ; yes             ; Megafunction                 ; /home/maruthi/intelFPGA_lite/20.1/quartus/libraries/megafunctions/altram.inc            ;         ;
; altdpram.inc                     ; yes             ; Megafunction                 ; /home/maruthi/intelFPGA_lite/20.1/quartus/libraries/megafunctions/altdpram.inc          ;         ;
; db/altsyncram_6tm1.tdf           ; yes             ; Auto-Generated Megafunction  ; /home/maruthi/intelFPGA_lite/20.1/quartus/UART_buffer/db/altsyncram_6tm1.tdf            ;         ;
+----------------------------------+-----------------+------------------------------+-----------------------------------------------------------------------------------------+---------+


+-----------------------------------------------------------------+
; Analysis & Synthesis Resource Usage Summary                     ;
+---------------------------------------------+-------------------+
; Resource                                    ; Usage             ;
+---------------------------------------------+-------------------+
; Estimate of Logic utilization (ALMs needed) ; 61                ;
;                                             ;                   ;
; Combinational ALUT usage for logic          ; 81                ;
;     -- 7 input functions                    ; 4                 ;
;     -- 6 input functions                    ; 22                ;
;     -- 5 input functions                    ; 21                ;
;     -- 4 input functions                    ; 9                 ;
;     -- <=3 input functions                  ; 25                ;
;                                             ;                   ;
; Dedicated logic registers                   ; 87                ;
;                                             ;                   ;
; I/O pins                                    ; 38                ;
; Total MLAB memory bits                      ; 0                 ;
; Total block memory bits                     ; 64                ;
;                                             ;                   ;
; Total DSP Blocks                            ; 0                 ;
;                                             ;                   ;
; Maximum fan-out node                        ; clk_3125_tx~input ;
; Maximum fan-out                             ; 63                ;
; Total fan-out                               ; 744               ;
; Average fan-out                             ; 2.95              ;
+---------------------------------------------+-------------------+


+----------------------------------------------------------------------------------------------------------------------------------------------------------------------------------------------------------------------------------------------------------------------------+
; Analysis & Synthesis Resource Utilization by Entity                                                                                                                                                                                                                        ;
+-------------------------------------------+---------------------+---------------------------+-------------------+------------+------+--------------+--------------------------------------------------------------------------------------+-----------------+--------------+
; Compilation Hierarchy Node                ; Combinational ALUTs ; Dedicated Logic Registers ; Block Memory Bits ; DSP Blocks ; Pins ; Virtual Pins ; Full Hierarchy Name                                                                  ; Entity Name     ; Library Name ;
+-------------------------------------------+---------------------+---------------------------+-------------------+------------+------+--------------+--------------------------------------------------------------------------------------+-----------------+--------------+
; |Buffer_top                               ; 81 (0)              ; 87 (0)                    ; 64                ; 0          ; 38   ; 0            ; |Buffer_top                                                                          ; Buffer_top      ; work         ;
;    |fifo_tx:tx_fifo_inst|                 ; 24 (24)             ; 31 (31)                   ; 64                ; 0          ; 0    ; 0            ; |Buffer_top|fifo_tx:tx_fifo_inst                                                     ; fifo_tx         ; work         ;
;       |altsyncram:mem_rtl_0|              ; 0 (0)               ; 0 (0)                     ; 64                ; 0          ; 0    ; 0            ; |Buffer_top|fifo_tx:tx_fifo_inst|altsyncram:mem_rtl_0                                ; altsyncram      ; work         ;
;          |altsyncram_6tm1:auto_generated| ; 0 (0)               ; 0 (0)                     ; 64                ; 0          ; 0    ; 0            ; |Buffer_top|fifo_tx:tx_fifo_inst|altsyncram:mem_rtl_0|altsyncram_6tm1:auto_generated ; altsyncram_6tm1 ; work         ;
;    |uart_rx:rx_inst|                      ; 29 (29)             ; 32 (32)                   ; 0                 ; 0          ; 0    ; 0            ; |Buffer_top|uart_rx:rx_inst                                                          ; uart_rx         ; work         ;
;    |uart_tx:tx_inst|                      ; 28 (28)             ; 24 (24)                   ; 0                 ; 0          ; 0    ; 0            ; |Buffer_top|uart_tx:tx_inst                                                          ; uart_tx         ; work         ;
+-------------------------------------------+---------------------+---------------------------+-------------------+------------+------+--------------+--------------------------------------------------------------------------------------+-----------------+--------------+
Note: For table entries with two numbers listed, the numbers in parentheses indicate the number of resources of the given type used by the specific entity alone. The numbers listed outside of parentheses indicate the total resources of the given type used by the specific entity and all of its sub-entities in the hierarchy.


+-----------------------------------------------------------------------------------------------------------------------------------------------------------------------------------------+
; Analysis & Synthesis RAM Summary                                                                                                                                                        ;
+-------------------------------------------------------------------------------------+------+------------------+--------------+--------------+--------------+--------------+------+------+
; Name                                                                                ; Type ; Mode             ; Port A Depth ; Port A Width ; Port B Depth ; Port B Width ; Size ; MIF  ;
+-------------------------------------------------------------------------------------+------+------------------+--------------+--------------+--------------+--------------+------+------+
; fifo_tx:tx_fifo_inst|altsyncram:mem_rtl_0|altsyncram_6tm1:auto_generated|ALTSYNCRAM ; AUTO ; Simple Dual Port ; 8            ; 8            ; 8            ; 8            ; 64   ; None ;
+-------------------------------------------------------------------------------------+------+------------------+--------------+--------------+--------------+--------------+------+------+


Encoding Type:  One-Hot
+----------------------------------------------------------------------------------------------+
; State Machine - |Buffer_top|uart_rx:rx_inst|state                                            ;
+----------------+----------------+--------------+---------------+--------------+--------------+
; Name           ; state.S_PARITY ; state.S_DATA ; state.S_START ; state.S_IDLE ; state.S_STOP ;
+----------------+----------------+--------------+---------------+--------------+--------------+
; state.S_IDLE   ; 0              ; 0            ; 0             ; 0            ; 0            ;
; state.S_START  ; 0              ; 0            ; 1             ; 1            ; 0            ;
; state.S_DATA   ; 0              ; 1            ; 0             ; 1            ; 0            ;
; state.S_PARITY ; 1              ; 0            ; 0             ; 1            ; 0            ;
; state.S_STOP   ; 0              ; 0            ; 0             ; 1            ; 1            ;
+----------------+----------------+--------------+---------------+--------------+--------------+


Encoding Type:  One-Hot
+-------------------------------------------------------------------------------------------------------------+
; State Machine - |Buffer_top|uart_tx:tx_inst|state                                                           ;
+----------------+--------------+--------------+----------------+--------------+---------------+--------------+
; Name           ; state.S_DONE ; state.S_STOP ; state.S_PARITY ; state.S_DATA ; state.S_START ; state.S_IDLE ;
+----------------+--------------+--------------+----------------+--------------+---------------+--------------+
; state.S_IDLE   ; 0            ; 0            ; 0              ; 0            ; 0             ; 0            ;
; state.S_START  ; 0            ; 0            ; 0              ; 0            ; 1             ; 1            ;
; state.S_DATA   ; 0            ; 0            ; 0              ; 1            ; 0             ; 1            ;
; state.S_PARITY ; 0            ; 0            ; 1              ; 0            ; 0             ; 1            ;
; state.S_STOP   ; 0            ; 1            ; 0              ; 0            ; 0             ; 1            ;
; state.S_DONE   ; 1            ; 0            ; 0              ; 0            ; 0             ; 1            ;
+----------------+--------------+--------------+----------------+--------------+---------------+--------------+


+----------------------------------------------------------------------------------------------------------+
; User-Specified and Inferred Latches                                                                      ;
+----------------------------------------------------+----------------------------+------------------------+
; Latch Name                                         ; Latch Enable Signal        ; Free of Timing Hazards ;
+----------------------------------------------------+----------------------------+------------------------+
; uart_tx:tx_inst|tx                                 ; uart_tx:tx_inst|Selector14 ; yes                    ;
; Number of user-specified and inferred latches = 1  ;                            ;                        ;
+----------------------------------------------------+----------------------------+------------------------+
Note: All latches listed above may not be present at the end of synthesis due to various synthesis optimizations.


+------------------------------------------------------------+
; Registers Removed During Synthesis                         ;
+---------------------------------------+--------------------+
; Register name                         ; Reason for Removal ;
+---------------------------------------+--------------------+
; uart_rx:rx_inst|state~7               ; Lost fanout        ;
; uart_rx:rx_inst|state~8               ; Lost fanout        ;
; uart_tx:tx_inst|state~8               ; Lost fanout        ;
; uart_tx:tx_inst|state~9               ; Lost fanout        ;
; uart_tx:tx_inst|state~10              ; Lost fanout        ;
; uart_tx:tx_inst|state~11              ; Lost fanout        ;
; Total Number of Removed Registers = 6 ;                    ;
+---------------------------------------+--------------------+


+------------------------------------------------------+
; General Register Statistics                          ;
+----------------------------------------------+-------+
; Statistic                                    ; Value ;
+----------------------------------------------+-------+
; Total registers                              ; 87    ;
; Number of registers using Synchronous Clear  ; 12    ;
; Number of registers using Synchronous Load   ; 8     ;
; Number of registers using Asynchronous Clear ; 0     ;
; Number of registers using Asynchronous Load  ; 0     ;
; Number of registers using Clock Enable       ; 47    ;
; Number of registers using Preset             ; 0     ;
+----------------------------------------------+-------+


+--------------------------------------------------+
; Inverted Register Statistics                     ;
+----------------------------------------+---------+
; Inverted Register                      ; Fan out ;
+----------------------------------------+---------+
; uart_rx:rx_inst|bit_counter[2]         ; 3       ;
; uart_rx:rx_inst|bit_counter[0]         ; 4       ;
; uart_rx:rx_inst|bit_counter[1]         ; 3       ;
; Total number of inverted registers = 3 ;         ;
+----------------------------------------+---------+


+----------------------------------------------------------------------------+
; Registers Added for RAM Pass-Through Logic                                 ;
+-------------------------------------------+--------------------------------+
; Register Name                             ; RAM Name                       ;
+-------------------------------------------+--------------------------------+
; fifo_tx:tx_fifo_inst|mem_rtl_0_bypass[0]  ; fifo_tx:tx_fifo_inst|mem_rtl_0 ;
; fifo_tx:tx_fifo_inst|mem_rtl_0_bypass[1]  ; fifo_tx:tx_fifo_inst|mem_rtl_0 ;
; fifo_tx:tx_fifo_inst|mem_rtl_0_bypass[2]  ; fifo_tx:tx_fifo_inst|mem_rtl_0 ;
; fifo_tx:tx_fifo_inst|mem_rtl_0_bypass[3]  ; fifo_tx:tx_fifo_inst|mem_rtl_0 ;
; fifo_tx:tx_fifo_inst|mem_rtl_0_bypass[4]  ; fifo_tx:tx_fifo_inst|mem_rtl_0 ;
; fifo_tx:tx_fifo_inst|mem_rtl_0_bypass[5]  ; fifo_tx:tx_fifo_inst|mem_rtl_0 ;
; fifo_tx:tx_fifo_inst|mem_rtl_0_bypass[6]  ; fifo_tx:tx_fifo_inst|mem_rtl_0 ;
; fifo_tx:tx_fifo_inst|mem_rtl_0_bypass[7]  ; fifo_tx:tx_fifo_inst|mem_rtl_0 ;
; fifo_tx:tx_fifo_inst|mem_rtl_0_bypass[8]  ; fifo_tx:tx_fifo_inst|mem_rtl_0 ;
; fifo_tx:tx_fifo_inst|mem_rtl_0_bypass[9]  ; fifo_tx:tx_fifo_inst|mem_rtl_0 ;
; fifo_tx:tx_fifo_inst|mem_rtl_0_bypass[10] ; fifo_tx:tx_fifo_inst|mem_rtl_0 ;
; fifo_tx:tx_fifo_inst|mem_rtl_0_bypass[11] ; fifo_tx:tx_fifo_inst|mem_rtl_0 ;
; fifo_tx:tx_fifo_inst|mem_rtl_0_bypass[12] ; fifo_tx:tx_fifo_inst|mem_rtl_0 ;
; fifo_tx:tx_fifo_inst|mem_rtl_0_bypass[13] ; fifo_tx:tx_fifo_inst|mem_rtl_0 ;
; fifo_tx:tx_fifo_inst|mem_rtl_0_bypass[14] ; fifo_tx:tx_fifo_inst|mem_rtl_0 ;
+-------------------------------------------+--------------------------------+


+----------------------------------------------------------------------------------------------------------------------------------------------------------+
; Multiplexer Restructuring Statistics (Restructuring Performed)                                                                                           ;
+--------------------+-----------+---------------+----------------------+------------------------+------------+--------------------------------------------+
; Multiplexer Inputs ; Bus Width ; Baseline Area ; Area if Restructured ; Saving if Restructured ; Registered ; Example Multiplexer Output                 ;
+--------------------+-----------+---------------+----------------------+------------------------+------------+--------------------------------------------+
; 3:1                ; 4 bits    ; 8 LEs         ; 4 LEs                ; 4 LEs                  ; Yes        ; |Buffer_top|fifo_tx:tx_fifo_inst|wr_ptr[3] ;
; 4:1                ; 8 bits    ; 16 LEs        ; 0 LEs                ; 16 LEs                 ; Yes        ; |Buffer_top|fifo_tx:tx_fifo_inst|ft_out[2] ;
; 6:1                ; 3 bits    ; 12 LEs        ; 6 LEs                ; 6 LEs                  ; Yes        ; |Buffer_top|uart_tx:tx_inst|bit_counter[2] ;
; 4:1                ; 4 bits    ; 8 LEs         ; 8 LEs                ; 0 LEs                  ; Yes        ; |Buffer_top|uart_tx:tx_inst|clk_counter[3] ;
; 7:1                ; 5 bits    ; 20 LEs        ; 10 LEs               ; 10 LEs                 ; Yes        ; |Buffer_top|uart_rx:rx_inst|clk_counter[4] ;
; 5:1                ; 3 bits    ; 9 LEs         ; 3 LEs                ; 6 LEs                  ; Yes        ; |Buffer_top|uart_rx:rx_inst|bit_counter[2] ;
; 3:1                ; 3 bits    ; 6 LEs         ; 6 LEs                ; 0 LEs                  ; No         ; |Buffer_top|fifo_tx:tx_fifo_inst|rd_ptr    ;
; 9:1                ; 2 bits    ; 12 LEs        ; 6 LEs                ; 6 LEs                  ; No         ; |Buffer_top|uart_rx:rx_inst|Selector3      ;
; 7:1                ; 3 bits    ; 12 LEs        ; 9 LEs                ; 3 LEs                  ; No         ; |Buffer_top|uart_tx:tx_inst|Selector8      ;
+--------------------+-----------+---------------+----------------------+------------------------+------------+--------------------------------------------+


+-------------------------------------------------------------------------------------------------+
; Source assignments for fifo_tx:tx_fifo_inst|altsyncram:mem_rtl_0|altsyncram_6tm1:auto_generated ;
+---------------------------------+--------------------+------+-----------------------------------+
; Assignment                      ; Value              ; From ; To                                ;
+---------------------------------+--------------------+------+-----------------------------------+
; OPTIMIZE_POWER_DURING_SYNTHESIS ; NORMAL_COMPILATION ; -    ; -                                 ;
+---------------------------------+--------------------+------+-----------------------------------+


+-------------------------------------------------------------------+
; Parameter Settings for User Entity Instance: fifo_tx:tx_fifo_inst ;
+----------------+-------+------------------------------------------+
; Parameter Name ; Value ; Type                                     ;
+----------------+-------+------------------------------------------+
; DEPTH          ; 8     ; Signed Integer                           ;
; ADDR_WIDTH     ; 3     ; Signed Integer                           ;
+----------------+-------+------------------------------------------+
Note: In order to hide this table in the UI and the text report file, please set the "Show Parameter Settings in Synthesis Report" option in "Analysis and Synthesis Settings -> More Settings" to "Off".


+--------------------------------------------------------------------------------------------+
; Parameter Settings for Inferred Entity Instance: fifo_tx:tx_fifo_inst|altsyncram:mem_rtl_0 ;
+------------------------------------+----------------------+--------------------------------+
; Parameter Name                     ; Value                ; Type                           ;
+------------------------------------+----------------------+--------------------------------+
; BYTE_SIZE_BLOCK                    ; 8                    ; Untyped                        ;
; AUTO_CARRY_CHAINS                  ; ON                   ; AUTO_CARRY                     ;
; IGNORE_CARRY_BUFFERS               ; OFF                  ; IGNORE_CARRY                   ;
; AUTO_CASCADE_CHAINS                ; ON                   ; AUTO_CASCADE                   ;
; IGNORE_CASCADE_BUFFERS             ; OFF                  ; IGNORE_CASCADE                 ;
; WIDTH_BYTEENA                      ; 1                    ; Untyped                        ;
; OPERATION_MODE                     ; DUAL_PORT            ; Untyped                        ;
; WIDTH_A                            ; 8                    ; Untyped                        ;
; WIDTHAD_A                          ; 3                    ; Untyped                        ;
; NUMWORDS_A                         ; 8                    ; Untyped                        ;
; OUTDATA_REG_A                      ; UNREGISTERED         ; Untyped                        ;
; ADDRESS_ACLR_A                     ; NONE                 ; Untyped                        ;
; OUTDATA_ACLR_A                     ; NONE                 ; Untyped                        ;
; WRCONTROL_ACLR_A                   ; NONE                 ; Untyped                        ;
; INDATA_ACLR_A                      ; NONE                 ; Untyped                        ;
; BYTEENA_ACLR_A                     ; NONE                 ; Untyped                        ;
; WIDTH_B                            ; 8                    ; Untyped                        ;
; WIDTHAD_B                          ; 3                    ; Untyped                        ;
; NUMWORDS_B                         ; 8                    ; Untyped                        ;
; INDATA_REG_B                       ; CLOCK1               ; Untyped                        ;
; WRCONTROL_WRADDRESS_REG_B          ; CLOCK1               ; Untyped                        ;
; RDCONTROL_REG_B                    ; CLOCK1               ; Untyped                        ;
; ADDRESS_REG_B                      ; CLOCK0               ; Untyped                        ;
; OUTDATA_REG_B                      ; UNREGISTERED         ; Untyped                        ;
; BYTEENA_REG_B                      ; CLOCK1               ; Untyped                        ;
; INDATA_ACLR_B                      ; NONE                 ; Untyped                        ;
; WRCONTROL_ACLR_B                   ; NONE                 ; Untyped                        ;
; ADDRESS_ACLR_B                     ; NONE                 ; Untyped                        ;
; OUTDATA_ACLR_B                     ; NONE                 ; Untyped                        ;
; RDCONTROL_ACLR_B                   ; NONE                 ; Untyped                        ;
; BYTEENA_ACLR_B                     ; NONE                 ; Untyped                        ;
; WIDTH_BYTEENA_A                    ; 1                    ; Untyped                        ;
; WIDTH_BYTEENA_B                    ; 1                    ; Untyped                        ;
; RAM_BLOCK_TYPE                     ; AUTO                 ; Untyped                        ;
; BYTE_SIZE                          ; 8                    ; Untyped                        ;
; READ_DURING_WRITE_MODE_MIXED_PORTS ; OLD_DATA             ; Untyped                        ;
; READ_DURING_WRITE_MODE_PORT_A      ; NEW_DATA_NO_NBE_READ ; Untyped                        ;
; READ_DURING_WRITE_MODE_PORT_B      ; NEW_DATA_NO_NBE_READ ; Untyped                        ;
; INIT_FILE                          ; UNUSED               ; Untyped                        ;
; INIT_FILE_LAYOUT                   ; PORT_A               ; Untyped                        ;
; MAXIMUM_DEPTH                      ; 0                    ; Untyped                        ;
; CLOCK_ENABLE_INPUT_A               ; NORMAL               ; Untyped                        ;
; CLOCK_ENABLE_INPUT_B               ; NORMAL               ; Untyped                        ;
; CLOCK_ENABLE_OUTPUT_A              ; NORMAL               ; Untyped                        ;
; CLOCK_ENABLE_OUTPUT_B              ; NORMAL               ; Untyped                        ;
; CLOCK_ENABLE_CORE_A                ; USE_INPUT_CLKEN      ; Untyped                        ;
; CLOCK_ENABLE_CORE_B                ; USE_INPUT_CLKEN      ; Untyped                        ;
; ENABLE_ECC                         ; FALSE                ; Untyped                        ;
; ECC_PIPELINE_STAGE_ENABLED         ; FALSE                ; Untyped                        ;
; WIDTH_ECCSTATUS                    ; 3                    ; Untyped                        ;
; DEVICE_FAMILY                      ; Cyclone V            ; Untyped                        ;
; CBXI_PARAMETER                     ; altsyncram_6tm1      ; Untyped                        ;
+------------------------------------+----------------------+--------------------------------+
Note: In order to hide this table in the UI and the text report file, please set the "Show Parameter Settings in Synthesis Report" option in "Analysis and Synthesis Settings -> More Settings" to "Off".


+---------------------------------------------------------------------------------------+
; altsyncram Parameter Settings by Entity Instance                                      ;
+-------------------------------------------+-------------------------------------------+
; Name                                      ; Value                                     ;
+-------------------------------------------+-------------------------------------------+
; Number of entity instances                ; 1                                         ;
; Entity Instance                           ; fifo_tx:tx_fifo_inst|altsyncram:mem_rtl_0 ;
;     -- OPERATION_MODE                     ; DUAL_PORT                                 ;
;     -- WIDTH_A                            ; 8                                         ;
;     -- NUMWORDS_A                         ; 8                                         ;
;     -- OUTDATA_REG_A                      ; UNREGISTERED                              ;
;     -- WIDTH_B                            ; 8                                         ;
;     -- NUMWORDS_B                         ; 8                                         ;
;     -- ADDRESS_REG_B                      ; CLOCK0                                    ;
;     -- OUTDATA_REG_B                      ; UNREGISTERED                              ;
;     -- RAM_BLOCK_TYPE                     ; AUTO                                      ;
;     -- READ_DURING_WRITE_MODE_MIXED_PORTS ; OLD_DATA                                  ;
+-------------------------------------------+-------------------------------------------+


+-----------------------------------------------------+
; Post-Synthesis Netlist Statistics for Top Partition ;
+-----------------------+-----------------------------+
; Type                  ; Count                       ;
+-----------------------+-----------------------------+
; arriav_ff             ; 87                          ;
;     ENA               ; 36                          ;
;     ENA SCLR          ; 3                           ;
;     ENA SCLR SLD      ; 8                           ;
;     SCLR              ; 1                           ;
;     plain             ; 39                          ;
; arriav_lcell_comb     ; 81                          ;
;     extend            ; 4                           ;
;         7 data inputs ; 4                           ;
;     normal            ; 72                          ;
;         2 data inputs ; 11                          ;
;         3 data inputs ; 9                           ;
;         4 data inputs ; 9                           ;
;         5 data inputs ; 21                          ;
;         6 data inputs ; 22                          ;
;     shared            ; 5                           ;
;         0 data inputs ; 1                           ;
;         2 data inputs ; 4                           ;
; boundary_port         ; 38                          ;
; stratixv_ram_block    ; 8                           ;
;                       ;                             ;
; Max LUT depth         ; 4.00                        ;
; Average LUT depth     ; 1.69                        ;
+-----------------------+-----------------------------+


+-------------------------------+
; Elapsed Time Per Partition    ;
+----------------+--------------+
; Partition Name ; Elapsed Time ;
+----------------+--------------+
; Top            ; 00:00:00     ;
+----------------+--------------+


+-------------------------------+
; Analysis & Synthesis Messages ;
+-------------------------------+
Info: *******************************************************************
Info: Running Quartus Prime Analysis & Synthesis
    Info: Version 20.1.0 Build 711 06/05/2020 SJ Lite Edition
    Info: Processing started: Mon Sep 15 23:26:58 2025
Info: Command: quartus_map --read_settings_files=on --write_settings_files=off UART_Buffer -c Buffer_top
Warning (18236): Number of processors has not been specified which may cause overloading on shared machines.  Set the global assignment NUM_PARALLEL_PROCESSORS in your QSF to an appropriate value for best performance.
Info (20030): Parallel compilation is enabled and will use 12 of the 12 processors detected
Info (12021): Found 1 design units, including 1 entities, in source file code/fifo_tx.v
    Info (12023): Found entity 1: fifo_tx File: /home/maruthi/intelFPGA_lite/20.1/quartus/UART_buffer/code/fifo_tx.v Line: 1
Info (12021): Found 1 design units, including 1 entities, in source file code/fifo_rx.v
    Info (12023): Found entity 1: fifo_rx File: /home/maruthi/intelFPGA_lite/20.1/quartus/UART_buffer/code/fifo_rx.v Line: 1
Info (12021): Found 1 design units, including 1 entities, in source file code/Buffer_top.v
    Info (12023): Found entity 1: Buffer_top File: /home/maruthi/intelFPGA_lite/20.1/quartus/UART_buffer/code/Buffer_top.v Line: 2
Info (12021): Found 1 design units, including 1 entities, in source file code/UART_RX.v
    Info (12023): Found entity 1: uart_rx File: /home/maruthi/intelFPGA_lite/20.1/quartus/UART_buffer/code/UART_RX.v Line: 2
Info (12021): Found 1 design units, including 1 entities, in source file code/UART_TX.v
    Info (12023): Found entity 1: uart_tx File: /home/maruthi/intelFPGA_lite/20.1/quartus/UART_buffer/code/UART_TX.v Line: 2
Info (12127): Elaborating entity "Buffer_top" for the top level hierarchy
Info (12128): Elaborating entity "fifo_tx" for hierarchy "fifo_tx:tx_fifo_inst" File: /home/maruthi/intelFPGA_lite/20.1/quartus/UART_buffer/code/Buffer_top.v Line: 37
Warning (10230): Verilog HDL assignment warning at fifo_tx.v(47): truncated value with size 32 to match size of target (4) File: /home/maruthi/intelFPGA_lite/20.1/quartus/UART_buffer/code/fifo_tx.v Line: 47
Warning (10230): Verilog HDL assignment warning at fifo_tx.v(62): truncated value with size 32 to match size of target (4) File: /home/maruthi/intelFPGA_lite/20.1/quartus/UART_buffer/code/fifo_tx.v Line: 62
Info (12128): Elaborating entity "uart_tx" for hierarchy "uart_tx:tx_inst" File: /home/maruthi/intelFPGA_lite/20.1/quartus/UART_buffer/code/Buffer_top.v Line: 51
Warning (10230): Verilog HDL assignment warning at UART_TX.v(68): truncated value with size 32 to match size of target (4) File: /home/maruthi/intelFPGA_lite/20.1/quartus/UART_buffer/code/UART_TX.v Line: 68
Warning (10230): Verilog HDL assignment warning at UART_TX.v(79): truncated value with size 32 to match size of target (3) File: /home/maruthi/intelFPGA_lite/20.1/quartus/UART_buffer/code/UART_TX.v Line: 79
Warning (10230): Verilog HDL assignment warning at UART_TX.v(83): truncated value with size 32 to match size of target (4) File: /home/maruthi/intelFPGA_lite/20.1/quartus/UART_buffer/code/UART_TX.v Line: 83
Warning (10230): Verilog HDL assignment warning at UART_TX.v(94): truncated value with size 32 to match size of target (4) File: /home/maruthi/intelFPGA_lite/20.1/quartus/UART_buffer/code/UART_TX.v Line: 94
Warning (10230): Verilog HDL assignment warning at UART_TX.v(103): truncated value with size 32 to match size of target (4) File: /home/maruthi/intelFPGA_lite/20.1/quartus/UART_buffer/code/UART_TX.v Line: 103
Warning (10240): Verilog HDL Always Construct warning at UART_TX.v(125): inferring latch(es) for variable "tx", which holds its previous value in one or more paths through the always construct File: /home/maruthi/intelFPGA_lite/20.1/quartus/UART_buffer/code/UART_TX.v Line: 125
Info (10041): Inferred latch for "tx" at UART_TX.v(125) File: /home/maruthi/intelFPGA_lite/20.1/quartus/UART_buffer/code/UART_TX.v Line: 125
Info (12128): Elaborating entity "uart_rx" for hierarchy "uart_rx:rx_inst" File: /home/maruthi/intelFPGA_lite/20.1/quartus/UART_buffer/code/Buffer_top.v Line: 59
Warning (10036): Verilog HDL or VHDL warning at UART_RX.v(36): object "rx_start" assigned a value but never read File: /home/maruthi/intelFPGA_lite/20.1/quartus/UART_buffer/code/UART_RX.v Line: 36
Warning (10230): Verilog HDL assignment warning at UART_RX.v(66): truncated value with size 32 to match size of target (5) File: /home/maruthi/intelFPGA_lite/20.1/quartus/UART_buffer/code/UART_RX.v Line: 66
Warning (10230): Verilog HDL assignment warning at UART_RX.v(80): truncated value with size 32 to match size of target (3) File: /home/maruthi/intelFPGA_lite/20.1/quartus/UART_buffer/code/UART_RX.v Line: 80
Warning (10230): Verilog HDL assignment warning at UART_RX.v(83): truncated value with size 32 to match size of target (5) File: /home/maruthi/intelFPGA_lite/20.1/quartus/UART_buffer/code/UART_RX.v Line: 83
Warning (10230): Verilog HDL assignment warning at UART_RX.v(94): truncated value with size 32 to match size of target (5) File: /home/maruthi/intelFPGA_lite/20.1/quartus/UART_buffer/code/UART_RX.v Line: 94
Warning (10230): Verilog HDL assignment warning at UART_RX.v(108): truncated value with size 32 to match size of target (5) File: /home/maruthi/intelFPGA_lite/20.1/quartus/UART_buffer/code/UART_RX.v Line: 108
Warning (276020): Inferred RAM node "fifo_tx:tx_fifo_inst|mem_rtl_0" from synchronous design logic.  Pass-through logic has been added to match the read-during-write behavior of the original design.
Info (19000): Inferred 1 megafunctions from design logic
    Info (276029): Inferred altsyncram megafunction from the following design logic: "fifo_tx:tx_fifo_inst|mem_rtl_0" 
        Info (286033): Parameter OPERATION_MODE set to DUAL_PORT
        Info (286033): Parameter WIDTH_A set to 8
        Info (286033): Parameter WIDTHAD_A set to 3
        Info (286033): Parameter NUMWORDS_A set to 8
        Info (286033): Parameter WIDTH_B set to 8
        Info (286033): Parameter WIDTHAD_B set to 3
        Info (286033): Parameter NUMWORDS_B set to 8
        Info (286033): Parameter ADDRESS_ACLR_A set to NONE
        Info (286033): Parameter OUTDATA_REG_B set to UNREGISTERED
        Info (286033): Parameter ADDRESS_ACLR_B set to NONE
        Info (286033): Parameter OUTDATA_ACLR_B set to NONE
        Info (286033): Parameter ADDRESS_REG_B set to CLOCK0
        Info (286033): Parameter INDATA_ACLR_A set to NONE
        Info (286033): Parameter WRCONTROL_ACLR_A set to NONE
        Info (286033): Parameter READ_DURING_WRITE_MODE_MIXED_PORTS set to OLD_DATA
Info (12130): Elaborated megafunction instantiation "fifo_tx:tx_fifo_inst|altsyncram:mem_rtl_0"
Info (12133): Instantiated megafunction "fifo_tx:tx_fifo_inst|altsyncram:mem_rtl_0" with the following parameter:
    Info (12134): Parameter "OPERATION_MODE" = "DUAL_PORT"
    Info (12134): Parameter "WIDTH_A" = "8"
    Info (12134): Parameter "WIDTHAD_A" = "3"
    Info (12134): Parameter "NUMWORDS_A" = "8"
    Info (12134): Parameter "WIDTH_B" = "8"
    Info (12134): Parameter "WIDTHAD_B" = "3"
    Info (12134): Parameter "NUMWORDS_B" = "8"
    Info (12134): Parameter "ADDRESS_ACLR_A" = "NONE"
    Info (12134): Parameter "OUTDATA_REG_B" = "UNREGISTERED"
    Info (12134): Parameter "ADDRESS_ACLR_B" = "NONE"
    Info (12134): Parameter "OUTDATA_ACLR_B" = "NONE"
    Info (12134): Parameter "ADDRESS_REG_B" = "CLOCK0"
    Info (12134): Parameter "INDATA_ACLR_A" = "NONE"
    Info (12134): Parameter "WRCONTROL_ACLR_A" = "NONE"
    Info (12134): Parameter "READ_DURING_WRITE_MODE_MIXED_PORTS" = "OLD_DATA"
Info (12021): Found 1 design units, including 1 entities, in source file db/altsyncram_6tm1.tdf
    Info (12023): Found entity 1: altsyncram_6tm1 File: /home/maruthi/intelFPGA_lite/20.1/quartus/UART_buffer/db/altsyncram_6tm1.tdf Line: 28
Info (286030): Timing-Driven Synthesis is running
Info (17049): 6 registers lost all their fanouts during netlist optimizations.
Info (144001): Generated suppressed messages file /home/maruthi/intelFPGA_lite/20.1/quartus/UART_buffer/Buffer_top.map.smsg
Info (16010): Generating hard_block partition "hard_block:auto_generated_inst"
    Info (16011): Adding 0 node(s), including 0 DDIO, 0 PLL, 0 transceiver and 0 LCELL
Info (21057): Implemented 178 device resources after synthesis - the final resource count might be different
    Info (21058): Implemented 15 input pins
    Info (21059): Implemented 23 output pins
    Info (21061): Implemented 132 logic cells
    Info (21064): Implemented 8 RAM segments
Info: Quartus Prime Analysis & Synthesis was successful. 0 errors, 16 warnings
    Info: Peak virtual memory: 541 megabytes
    Info: Processing ended: Mon Sep 15 23:27:05 2025
    Info: Elapsed time: 00:00:07
    Info: Total CPU time (on all processors): 00:00:16


+------------------------------------------+
; Analysis & Synthesis Suppressed Messages ;
+------------------------------------------+
The suppressed messages can be found in /home/maruthi/intelFPGA_lite/20.1/quartus/UART_buffer/Buffer_top.map.smsg.


